v8-version,7,8,279,23,-node.35,0
new,CodeRange,0xb6daf09e000,134217728
new,MemoryChunk,0x1c0ca4680000,262144
new,MemoryChunk,0x33fa60640000,262144
new,MemoryChunk,0x2507efd80000,262144
new,MemoryChunk,0x32edef6c0000,262144
new,MemoryChunk,0x19c171a40000,262144
heap-capacity,1047456
heap-available,2198599488
new,MemoryChunk,0x3a3998e80000,262144
new,MemoryChunk,0xb6daf0c0000,262144
new,MemoryChunk,0x277e475c0000,262144
new,MemoryChunk,0x1e651d540000,262144
new,MemoryChunk,0x6f34fc80000,262144
new,MemoryChunk,0x2a95c8f80000,262144
new,MemoryChunk,0xb6daf100000,262144
new,MemoryChunk,0x3e17637c0000,262144
new,MemoryChunk,0x2213a0600000,262144
new,MemoryChunk,0x1a7491e40000,262144
new,MemoryChunk,0x376578940000,262144
new,MemoryChunk,0x1ea37ed00000,262144
scavenge,begin,0,31346,1589937789681
scavenge,end,0,32432,1589937789682
new,MemoryChunk,0x5d0cdcc0000,135168
new,MemoryChunk,0x37c822e00000,262144
scavenge,begin,0,52603,1589937789703
new,MemoryChunk,0x20ec86dc0000,262144
new,MemoryChunk,0x20a63e040000,262144
new,MemoryChunk,0x2945b3d00000,262144
scavenge,end,0,54453,1589937789705
new,MemoryChunk,0x15f6bd300000,262144
new,MemoryChunk,0x3a25aab00000,262144
new,MemoryChunk,0x228343540000,262144
new,MemoryChunk,0x2f1b4a00000,262144
new,MemoryChunk,0x2d54c1880000,262144
new,MemoryChunk,0x3f7c5c980000,262144
new,MemoryChunk,0xa5349680000,262144
new,MemoryChunk,0x36d572a80000,262144
new,MemoryChunk,0x3c44bc40000,262144
new,MemoryChunk,0x15e727c0000,262144
scavenge,begin,0,81044,1589937789732
new,MemoryChunk,0x3635ce880000,262144
new,MemoryChunk,0x1732e0180000,262144
scavenge,end,0,82283,1589937789733
markcompact,begin,0,100574,1589937797864
delete,MemoryChunk,0x3635ce880000
delete,MemoryChunk,0x1732e0180000
markcompact,end,0,100574,1589937797867
delete,MemoryChunk,0x3f7c5c980000
delete,MemoryChunk,0x2d54c1880000
delete,MemoryChunk,0x2f1b4a00000
delete,MemoryChunk,0x228343540000
delete,MemoryChunk,0x15e727c0000
delete,MemoryChunk,0x3c44bc40000
delete,MemoryChunk,0x36d572a80000
delete,MemoryChunk,0xa5349680000
delete,MemoryChunk,0x2213a0600000
delete,MemoryChunk,0x1a7491e40000
delete,MemoryChunk,0x376578940000
delete,MemoryChunk,0x1ea37ed00000
markcompact,begin,0,105268,1589937798483
new,MemoryChunk,0x284be2fc0000,262144
markcompact,end,0,107447,1589937798485
delete,MemoryChunk,0x33fa60640000
delete,MemoryChunk,0x2507efd80000
delete,MemoryChunk,0x32edef6c0000
delete,MemoryChunk,0x19c171a40000
